c:\users\kanta yukawa\source\repos\dxlibc++shooting_parameditor\debug\dxlibc++shooting_parameditor.pch
c:\users\kanta yukawa\source\repos\dxlibc++shooting_parameditor\debug\vc141.pdb
c:\users\kanta yukawa\source\repos\dxlibc++shooting_parameditor\debug\vc141.idb
c:\users\kanta yukawa\source\repos\dxlibc++shooting_parameditor\debug\stdafx.obj
c:\users\kanta yukawa\source\repos\dxlibc++shooting_parameditor\debug\savebutton.obj
c:\users\kanta yukawa\source\repos\dxlibc++shooting_parameditor\debug\mainadmin.obj
c:\users\kanta yukawa\source\repos\dxlibc++shooting_parameditor\debug\main.obj
c:\users\kanta yukawa\source\repos\dxlibc++shooting_parameditor\debug\gameobject.obj
c:\users\kanta yukawa\source\repos\dxlibc++shooting_parameditor\debug\dxlibc++shooting_parameditor.obj
c:\users\kanta yukawa\source\repos\dxlibc++shooting_parameditor\debug\button.obj
c:\users\kanta yukawa\source\repos\dxlibc++shooting_parameditor\debug\dxlibc++shooting_parameditor.ilk
c:\users\kanta yukawa\source\repos\dxlibc++shooting_parameditor\debug\dxlibc++shooting_parameditor.exe
c:\users\kanta yukawa\source\repos\dxlibc++shooting_parameditor\debug\dxlibc++shooting_parameditor.pdb
c:\users\kanta yukawa\source\repos\dxlibc++shooting_parameditor\debug\dxlibc++shooting_parameditor.res
c:\users\kanta yukawa\source\repos\dxlibc++shooting_parameditor\debug\dxlibc++.1dea0db3.tlog\cl.command.1.tlog
c:\users\kanta yukawa\source\repos\dxlibc++shooting_parameditor\debug\dxlibc++.1dea0db3.tlog\cl.read.1.tlog
c:\users\kanta yukawa\source\repos\dxlibc++shooting_parameditor\debug\dxlibc++.1dea0db3.tlog\cl.write.1.tlog
c:\users\kanta yukawa\source\repos\dxlibc++shooting_parameditor\debug\dxlibc++.1dea0db3.tlog\link.command.1.tlog
c:\users\kanta yukawa\source\repos\dxlibc++shooting_parameditor\debug\dxlibc++.1dea0db3.tlog\link.read.1.tlog
c:\users\kanta yukawa\source\repos\dxlibc++shooting_parameditor\debug\dxlibc++.1dea0db3.tlog\link.write.1.tlog
c:\users\kanta yukawa\source\repos\dxlibc++shooting_parameditor\debug\dxlibc++.1dea0db3.tlog\rc.command.1.tlog
c:\users\kanta yukawa\source\repos\dxlibc++shooting_parameditor\debug\dxlibc++.1dea0db3.tlog\rc.read.1.tlog
c:\users\kanta yukawa\source\repos\dxlibc++shooting_parameditor\debug\dxlibc++.1dea0db3.tlog\rc.write.1.tlog
