c:\users\kanta yukawa\source\repos\dxlibshooting_parameditor\debug\dxlibshooting_parameditor.pch
c:\users\kanta yukawa\source\repos\dxlibshooting_parameditor\debug\vc141.pdb
c:\users\kanta yukawa\source\repos\dxlibshooting_parameditor\debug\vc141.idb
c:\users\kanta yukawa\source\repos\dxlibshooting_parameditor\debug\stdafx.obj
c:\users\kanta yukawa\source\repos\dxlibshooting_parameditor\debug\savebutton.obj
c:\users\kanta yukawa\source\repos\dxlibshooting_parameditor\debug\mainadmin.obj
c:\users\kanta yukawa\source\repos\dxlibshooting_parameditor\debug\main.obj
c:\users\kanta yukawa\source\repos\dxlibshooting_parameditor\debug\gameobject.obj
c:\users\kanta yukawa\source\repos\dxlibshooting_parameditor\debug\dxlibshooting_parameditor.obj
c:\users\kanta yukawa\source\repos\dxlibshooting_parameditor\debug\button.obj
c:\users\kanta yukawa\source\repos\dxlibshooting_parameditor\debug\dxlibshooting_parameditor.ilk
c:\users\kanta yukawa\source\repos\dxlibshooting_parameditor\debug\dxlibshooting_parameditor.exe
c:\users\kanta yukawa\source\repos\dxlibshooting_parameditor\debug\dxlibshooting_parameditor.pdb
c:\users\kanta yukawa\source\repos\dxlibshooting_parameditor\debug\dxlibshooting_parameditor.res
c:\users\kanta yukawa\source\repos\dxlibshooting_parameditor\debug\dxlibsho.098745ae.tlog\cl.command.1.tlog
c:\users\kanta yukawa\source\repos\dxlibshooting_parameditor\debug\dxlibsho.098745ae.tlog\cl.read.1.tlog
c:\users\kanta yukawa\source\repos\dxlibshooting_parameditor\debug\dxlibsho.098745ae.tlog\cl.write.1.tlog
c:\users\kanta yukawa\source\repos\dxlibshooting_parameditor\debug\dxlibsho.098745ae.tlog\link.command.1.tlog
c:\users\kanta yukawa\source\repos\dxlibshooting_parameditor\debug\dxlibsho.098745ae.tlog\link.read.1.tlog
c:\users\kanta yukawa\source\repos\dxlibshooting_parameditor\debug\dxlibsho.098745ae.tlog\link.write.1.tlog
c:\users\kanta yukawa\source\repos\dxlibshooting_parameditor\debug\dxlibsho.098745ae.tlog\rc.command.1.tlog
c:\users\kanta yukawa\source\repos\dxlibshooting_parameditor\debug\dxlibsho.098745ae.tlog\rc.read.1.tlog
c:\users\kanta yukawa\source\repos\dxlibshooting_parameditor\debug\dxlibsho.098745ae.tlog\rc.write.1.tlog
